{
  "stats": {
    "suites": 1,
    "tests": 2,
    "passes": 2,
    "pending": 0,
    "failures": 0,
    "start": "2023-12-29T20:14:15.352Z",
    "end": "2023-12-29T20:14:22.877Z",
    "duration": 7525,
    "testsRegistered": 2,
    "passPercent": 100,
    "pendingPercent": 0,
    "other": 0,
    "hasOther": false,
    "skipped": 0,
    "hasSkipped": false
  },
  "results": [
    {
      "uuid": "c377cfa7-e614-4ecb-9d6d-ce42d0f6339c",
      "title": "",
      "fullFile": "cypress/e2e/planets.cy.js",
      "file": "cypress/e2e/planets.cy.js",
      "beforeHooks": [],
      "afterHooks": [],
      "tests": [],
      "suites": [
        {
          "uuid": "41d8b797-e4c3-41fc-bcbc-9ecaa7a0f751",
          "title": "Testes no módulo de Planets da API Star Wars",
          "fullFile": "",
          "file": "",
          "beforeHooks": [],
          "afterHooks": [],
          "tests": [
            {
              "title": "Deve retornar uma estrutura JSON válida",
              "fullTitle": "Testes no módulo de Planets da API Star Wars Deve retornar uma estrutura JSON válida",
              "timedOut": null,
              "duration": 5126,
              "state": "passed",
              "speed": "medium",
              "pass": true,
              "fail": false,
              "pending": false,
              "context": null,
              "code": "cy.request({\n  method: 'GET',\n  url: 'planets/?format=json'\n}).then(response => {\n  return _planets.default.validateAsync(response.body);\n});",
              "err": {},
              "uuid": "902c7113-1c53-4d94-afb6-c79644ca2311",
              "parentUUID": "41d8b797-e4c3-41fc-bcbc-9ecaa7a0f751",
              "isHook": false,
              "skipped": false
            },
            {
              "title": "Deve confirmar o total de população do planeta e o tipo de dado retornado",
              "fullTitle": "Testes no módulo de Planets da API Star Wars Deve confirmar o total de população do planeta e o tipo de dado retornado",
              "timedOut": null,
              "duration": 2355,
              "state": "passed",
              "speed": "fast",
              "pass": true,
              "fail": false,
              "pending": false,
              "context": null,
              "code": "cy.request({\n  method: 'GET',\n  url: 'planets'\n}).then(response => {\n  expect(planetsResposta.results[2].population).to.eq('1000').and.to.be.a('string');\n});",
              "err": {},
              "uuid": "cbe90287-a227-4354-9678-1149e4b8da4e",
              "parentUUID": "41d8b797-e4c3-41fc-bcbc-9ecaa7a0f751",
              "isHook": false,
              "skipped": false
            }
          ],
          "suites": [],
          "passes": [
            "902c7113-1c53-4d94-afb6-c79644ca2311",
            "cbe90287-a227-4354-9678-1149e4b8da4e"
          ],
          "failures": [],
          "pending": [],
          "skipped": [],
          "duration": 7481,
          "root": false,
          "rootEmpty": false,
          "_timeout": 2000
        }
      ],
      "passes": [],
      "failures": [],
      "pending": [],
      "skipped": [],
      "duration": 0,
      "root": true,
      "rootEmpty": true,
      "_timeout": 2000
    }
  ],
  "meta": {
    "mocha": {
      "version": "7.0.1"
    },
    "mochawesome": {
      "options": {
        "quiet": false,
        "reportFilename": "mochawesome",
        "saveHtml": false,
        "saveJson": true,
        "consoleReporter": "spec",
        "useInlineDiffs": false,
        "code": true
      },
      "version": "7.1.3"
    },
    "marge": {
      "options": {
        "reportDir": "mochawesome-report",
        "overwrite": false,
        "html": false,
        "json": true
      },
      "version": "6.2.0"
    }
  }
}