{
  "stats": {
    "suites": 1,
    "tests": 3,
    "passes": 3,
    "pending": 0,
    "failures": 0,
    "start": "2023-12-29T20:14:24.370Z",
    "end": "2023-12-29T20:14:31.260Z",
    "duration": 6890,
    "testsRegistered": 3,
    "passPercent": 100,
    "pendingPercent": 0,
    "other": 0,
    "hasOther": false,
    "skipped": 0,
    "hasSkipped": false
  },
  "results": [
    {
      "uuid": "c905486d-9595-4668-aa6a-8470f1531f6f",
      "title": "",
      "fullFile": "cypress/e2e/structure.cy.js",
      "file": "cypress/e2e/structure.cy.js",
      "beforeHooks": [],
      "afterHooks": [],
      "tests": [],
      "suites": [
        {
          "uuid": "eeb2e212-6ed3-4246-a5b4-90832dad4c7a",
          "title": "Testes na estrutura da API de Star Wars",
          "fullFile": "",
          "file": "",
          "beforeHooks": [],
          "afterHooks": [],
          "tests": [
            {
              "title": "Deve retornar status code 404 para uma URL inválida",
              "fullTitle": "Testes na estrutura da API de Star Wars Deve retornar status code 404 para uma URL inválida",
              "timedOut": null,
              "duration": 606,
              "state": "passed",
              "speed": "fast",
              "pass": true,
              "fail": false,
              "pending": false,
              "context": null,
              "code": "cy.request({\n  url: 'people/?format=jsonx',\n  failOnStatusCode: false\n}).then(response => {\n  expect(response.status).to.eq(404);\n});",
              "err": {},
              "uuid": "5a30672b-13f5-4900-abe5-bf2223e1e95e",
              "parentUUID": "eeb2e212-6ed3-4246-a5b4-90832dad4c7a",
              "isHook": false,
              "skipped": false
            },
            {
              "title": "Deve retornar uma data válida no formato americano e não no formato brasileiro",
              "fullTitle": "Testes na estrutura da API de Star Wars Deve retornar uma data válida no formato americano e não no formato brasileiro",
              "timedOut": null,
              "duration": 1729,
              "state": "passed",
              "speed": "fast",
              "pass": true,
              "fail": false,
              "pending": false,
              "context": null,
              "code": "cy.buscarFilme(1).then(response => {\n  expect(response.body.release_date).to.match(/^\\d{4}-\\d{2}-\\d{2}$/).and.not.to.match(/^\\d{2}-\\d{2}-\\d{4}$/);\n});",
              "err": {},
              "uuid": "5efd9e30-2002-4539-9d83-35319cada980",
              "parentUUID": "eeb2e212-6ed3-4246-a5b4-90832dad4c7a",
              "isHook": false,
              "skipped": false
            },
            {
              "title": "Deve validar o tempo de resposta da requisição",
              "fullTitle": "Testes na estrutura da API de Star Wars Deve validar o tempo de resposta da requisição",
              "timedOut": null,
              "duration": 4495,
              "state": "passed",
              "speed": "fast",
              "pass": true,
              "fail": false,
              "pending": false,
              "context": null,
              "code": "let maxTempoResposta = 10000;\ncy.request({\n  method: 'GET',\n  url: 'people'\n}).then(response => {\n  expect(response.status).to.equal(200);\n  expect(response.duration).to.be.lessThan(maxTempoResposta);\n});",
              "err": {},
              "uuid": "dbd68ccb-1fb7-4beb-a080-f36fb2df85b2",
              "parentUUID": "eeb2e212-6ed3-4246-a5b4-90832dad4c7a",
              "isHook": false,
              "skipped": false
            }
          ],
          "suites": [],
          "passes": [
            "5a30672b-13f5-4900-abe5-bf2223e1e95e",
            "5efd9e30-2002-4539-9d83-35319cada980",
            "dbd68ccb-1fb7-4beb-a080-f36fb2df85b2"
          ],
          "failures": [],
          "pending": [],
          "skipped": [],
          "duration": 6830,
          "root": false,
          "rootEmpty": false,
          "_timeout": 2000
        }
      ],
      "passes": [],
      "failures": [],
      "pending": [],
      "skipped": [],
      "duration": 0,
      "root": true,
      "rootEmpty": true,
      "_timeout": 2000
    }
  ],
  "meta": {
    "mocha": {
      "version": "7.0.1"
    },
    "mochawesome": {
      "options": {
        "quiet": false,
        "reportFilename": "mochawesome",
        "saveHtml": false,
        "saveJson": true,
        "consoleReporter": "spec",
        "useInlineDiffs": false,
        "code": true
      },
      "version": "7.1.3"
    },
    "marge": {
      "options": {
        "reportDir": "mochawesome-report",
        "overwrite": false,
        "html": false,
        "json": true
      },
      "version": "6.2.0"
    }
  }
}