{
  "stats": {
    "suites": 1,
    "tests": 4,
    "passes": 4,
    "pending": 0,
    "failures": 0,
    "start": "2023-12-29T20:13:48.290Z",
    "end": "2023-12-29T20:14:08.021Z",
    "duration": 19731,
    "testsRegistered": 4,
    "passPercent": 100,
    "pendingPercent": 0,
    "other": 0,
    "hasOther": false,
    "skipped": 0,
    "hasSkipped": false
  },
  "results": [
    {
      "uuid": "bc0f9237-9080-43fe-b582-1595c9a31f04",
      "title": "",
      "fullFile": "cypress/e2e/films.cy.js",
      "file": "cypress/e2e/films.cy.js",
      "beforeHooks": [],
      "afterHooks": [],
      "tests": [],
      "suites": [
        {
          "uuid": "8af1735a-8c2f-4d42-b25b-88c15848cc6b",
          "title": "Testes no módulo de Films da API Star Wars",
          "fullFile": "",
          "file": "",
          "beforeHooks": [],
          "afterHooks": [],
          "tests": [
            {
              "title": "Deve retornar uma estrutura JSON válida",
              "fullTitle": "Testes no módulo de Films da API Star Wars Deve retornar uma estrutura JSON válida",
              "timedOut": null,
              "duration": 18961,
              "state": "passed",
              "speed": "slow",
              "pass": true,
              "fail": false,
              "pending": false,
              "context": null,
              "code": "cy.request('films/?format=json').then(response => {\n  return _films.default.validateAsync(response.body);\n});",
              "err": {},
              "uuid": "357f0e71-320a-47d3-b606-3d7258362159",
              "parentUUID": "8af1735a-8c2f-4d42-b25b-88c15848cc6b",
              "isHook": false,
              "skipped": false
            },
            {
              "title": "Deve validar se o filme 10 é válido e qual o tipo de retorno ao consultar",
              "fullTitle": "Testes no módulo de Films da API Star Wars Deve validar se o filme 10 é válido e qual o tipo de retorno ao consultar",
              "timedOut": null,
              "duration": 682,
              "state": "passed",
              "speed": "fast",
              "pass": true,
              "fail": false,
              "pending": false,
              "context": null,
              "code": "cy.buscarFilme(9).then(response => {\n  cy.log(`Request para o filme 10: ${JSON.stringify(response)}`);\n  if (response.body.detail) {\n    cy.log(`Mensagem de erro: ${response.body.detail}`);\n    expect(response.body.detail).to.include('Not found');\n  } else {\n    cy.log(`Título do filme 9: ${response.body.title}`);\n    expect(response.body.title).to.not.be.empty;\n  }\n});",
              "err": {},
              "uuid": "8a354aed-1d40-467e-ad08-4d1be9f2f493",
              "parentUUID": "8af1735a-8c2f-4d42-b25b-88c15848cc6b",
              "isHook": false,
              "skipped": false
            },
            {
              "title": "Deve validar o nome correto de um determinado episódio de filme",
              "fullTitle": "Testes no módulo de Films da API Star Wars Deve validar o nome correto de um determinado episódio de filme",
              "timedOut": null,
              "duration": 10,
              "state": "passed",
              "speed": "fast",
              "pass": true,
              "fail": false,
              "pending": false,
              "context": null,
              "code": "expect(filmsResposta.results[1].title).to.eq('The Empire Strikes Back');",
              "err": {},
              "uuid": "cd390bd2-b316-4267-94e7-9d04be1b0a96",
              "parentUUID": "8af1735a-8c2f-4d42-b25b-88c15848cc6b",
              "isHook": false,
              "skipped": false
            },
            {
              "title": "Deve validar o ID do episódio e se o tipo do dado está correto",
              "fullTitle": "Testes no módulo de Films da API Star Wars Deve validar o ID do episódio e se o tipo do dado está correto",
              "timedOut": null,
              "duration": 9,
              "state": "passed",
              "speed": "fast",
              "pass": true,
              "fail": false,
              "pending": false,
              "context": null,
              "code": "expect(filmsResposta.results[1].episode_id).to.eq(5);\nexpect(filmsResposta.results[1].episode_id).to.be.a('number');",
              "err": {},
              "uuid": "be6ece5a-5707-4c51-bb9e-e5574ff5d21f",
              "parentUUID": "8af1735a-8c2f-4d42-b25b-88c15848cc6b",
              "isHook": false,
              "skipped": false
            }
          ],
          "suites": [],
          "passes": [
            "357f0e71-320a-47d3-b606-3d7258362159",
            "8a354aed-1d40-467e-ad08-4d1be9f2f493",
            "cd390bd2-b316-4267-94e7-9d04be1b0a96",
            "be6ece5a-5707-4c51-bb9e-e5574ff5d21f"
          ],
          "failures": [],
          "pending": [],
          "skipped": [],
          "duration": 19662,
          "root": false,
          "rootEmpty": false,
          "_timeout": 2000
        }
      ],
      "passes": [],
      "failures": [],
      "pending": [],
      "skipped": [],
      "duration": 0,
      "root": true,
      "rootEmpty": true,
      "_timeout": 2000
    }
  ],
  "meta": {
    "mocha": {
      "version": "7.0.1"
    },
    "mochawesome": {
      "options": {
        "quiet": false,
        "reportFilename": "mochawesome",
        "saveHtml": false,
        "saveJson": true,
        "consoleReporter": "spec",
        "useInlineDiffs": false,
        "code": true
      },
      "version": "7.1.3"
    },
    "marge": {
      "options": {
        "reportDir": "mochawesome-report",
        "overwrite": false,
        "html": false,
        "json": true
      },
      "version": "6.2.0"
    }
  }
}