{
  "stats": {
    "suites": 1,
    "tests": 2,
    "passes": 2,
    "pending": 0,
    "failures": 0,
    "start": "2024-01-31T18:34:09.485Z",
    "end": "2024-01-31T18:34:10.394Z",
    "duration": 909,
    "testsRegistered": 2,
    "passPercent": 100,
    "pendingPercent": 0,
    "other": 0,
    "hasOther": false,
    "skipped": 0,
    "hasSkipped": false
  },
  "results": [
    {
      "uuid": "d0153cca-5a20-4fa8-b8fb-727bd0eec341",
      "title": "",
      "fullFile": "cypress/e2e/planets.cy.js",
      "file": "cypress/e2e/planets.cy.js",
      "beforeHooks": [],
      "afterHooks": [],
      "tests": [],
      "suites": [
        {
          "uuid": "e1bf4691-71c8-482b-8013-f843d74c9fb0",
          "title": "Planets module of The Star Wars API",
          "fullFile": "",
          "file": "",
          "beforeHooks": [],
          "afterHooks": [],
          "tests": [
            {
              "title": "Should return a valid JSON structure from the Films module of the Star Wars API",
              "fullTitle": "Planets module of The Star Wars API Should return a valid JSON structure from the Films module of the Star Wars API",
              "timedOut": null,
              "duration": 607,
              "state": "passed",
              "speed": "fast",
              "pass": true,
              "fail": false,
              "pending": false,
              "context": null,
              "code": "cy.request({\n  method: 'GET',\n  url: 'planets/?format=json'\n}).then(response => {\n  expect(response.status).to.be.equal(200);\n  return _planets.default.validateAsync(response.body);\n});",
              "err": {},
              "uuid": "5766ac55-19f5-479b-9e8f-1ebea2c91411",
              "parentUUID": "e1bf4691-71c8-482b-8013-f843d74c9fb0",
              "isHook": false,
              "skipped": false
            },
            {
              "title": "Should confirm the total population of the planet and the returned data type in the Films module",
              "fullTitle": "Planets module of The Star Wars API Should confirm the total population of the planet and the returned data type in the Films module",
              "timedOut": null,
              "duration": 266,
              "state": "passed",
              "speed": "fast",
              "pass": true,
              "fail": false,
              "pending": false,
              "context": null,
              "code": "cy.request({\n  method: 'GET',\n  url: 'planets'\n}).then(response => {\n  expect(planetsResposta.results[2].population).to.eq('1000').and.to.be.a('string');\n  expect(response.status).to.be.equal(200);\n});",
              "err": {},
              "uuid": "a21b59d8-6ec2-43aa-8f41-ea9eb0e16ac9",
              "parentUUID": "e1bf4691-71c8-482b-8013-f843d74c9fb0",
              "isHook": false,
              "skipped": false
            }
          ],
          "suites": [],
          "passes": [
            "5766ac55-19f5-479b-9e8f-1ebea2c91411",
            "a21b59d8-6ec2-43aa-8f41-ea9eb0e16ac9"
          ],
          "failures": [],
          "pending": [],
          "skipped": [],
          "duration": 873,
          "root": false,
          "rootEmpty": false,
          "_timeout": 2000
        }
      ],
      "passes": [],
      "failures": [],
      "pending": [],
      "skipped": [],
      "duration": 0,
      "root": true,
      "rootEmpty": true,
      "_timeout": 2000
    }
  ],
  "meta": {
    "mocha": {
      "version": "7.0.1"
    },
    "mochawesome": {
      "options": {
        "quiet": false,
        "reportFilename": "mochawesome",
        "saveHtml": false,
        "saveJson": true,
        "consoleReporter": "spec",
        "useInlineDiffs": false,
        "code": true
      },
      "version": "7.1.3"
    },
    "marge": {
      "options": {
        "reportDir": "mochawesome-report",
        "overwrite": false,
        "html": false,
        "json": true
      },
      "version": "6.2.0"
    }
  }
}