{
  "stats": {
    "suites": 1,
    "tests": 4,
    "passes": 4,
    "pending": 0,
    "failures": 0,
    "start": "2024-01-31T18:34:04.092Z",
    "end": "2024-01-31T18:34:07.043Z",
    "duration": 2951,
    "testsRegistered": 4,
    "passPercent": 100,
    "pendingPercent": 0,
    "other": 0,
    "hasOther": false,
    "skipped": 0,
    "hasSkipped": false
  },
  "results": [
    {
      "uuid": "2c2758c1-5f54-4300-8daf-85f478338e2b",
      "title": "",
      "fullFile": "cypress/e2e/films.cy.js",
      "file": "cypress/e2e/films.cy.js",
      "beforeHooks": [],
      "afterHooks": [],
      "tests": [],
      "suites": [
        {
          "uuid": "788a9f3f-d744-494d-8b40-1bfe31b629a8",
          "title": "Films module of The Star Wars API",
          "fullFile": "",
          "file": "",
          "beforeHooks": [],
          "afterHooks": [],
          "tests": [
            {
              "title": "Should return a valid JSON structure",
              "fullTitle": "Films module of The Star Wars API Should return a valid JSON structure",
              "timedOut": null,
              "duration": 2602,
              "state": "passed",
              "speed": "fast",
              "pass": true,
              "fail": false,
              "pending": false,
              "context": null,
              "code": "cy.request('films/?format=json').then(response => {\n  expect(response.status).to.equal(200);\n  return _films.default.validateAsync(response.body);\n});",
              "err": {},
              "uuid": "bee9832d-6d99-479b-9807-d672fb99d64f",
              "parentUUID": "788a9f3f-d744-494d-8b40-1bfe31b629a8",
              "isHook": false,
              "skipped": false
            },
            {
              "title": "Should validate the existence of movie 10 and the type of response when queried",
              "fullTitle": "Films module of The Star Wars API Should validate the existence of movie 10 and the type of response when queried",
              "timedOut": null,
              "duration": 265,
              "state": "passed",
              "speed": "fast",
              "pass": true,
              "fail": false,
              "pending": false,
              "context": null,
              "code": "cy.filmSearch(9).then(response => {\n  cy.log(`Request para o filme 10: ${JSON.stringify(response)}`);\n  if (response.body.detail) {\n    expect(response.body.detail).to.include('Not found');\n  } else {\n    expect(response.body.title).to.not.be.empty;\n  }\n  expect(response.status).to.eq(404);\n});",
              "err": {},
              "uuid": "f33c53f6-6737-44d2-9d1f-172057a801ab",
              "parentUUID": "788a9f3f-d744-494d-8b40-1bfe31b629a8",
              "isHook": false,
              "skipped": false
            },
            {
              "title": "Should validate the correct name of a specific movie episode",
              "fullTitle": "Films module of The Star Wars API Should validate the correct name of a specific movie episode",
              "timedOut": null,
              "duration": 10,
              "state": "passed",
              "speed": "fast",
              "pass": true,
              "fail": false,
              "pending": false,
              "context": null,
              "code": "expect(filmsResponse.results[1].title).to.eq('The Empire Strikes Back');",
              "err": {},
              "uuid": "22040cb3-655a-47ae-916f-be8979d777a7",
              "parentUUID": "788a9f3f-d744-494d-8b40-1bfe31b629a8",
              "isHook": false,
              "skipped": false
            },
            {
              "title": "Should validate the episode ID and ensure the data type is correct",
              "fullTitle": "Films module of The Star Wars API Should validate the episode ID and ensure the data type is correct",
              "timedOut": null,
              "duration": 7,
              "state": "passed",
              "speed": "fast",
              "pass": true,
              "fail": false,
              "pending": false,
              "context": null,
              "code": "expect(filmsResponse.results[1].episode_id).to.be.a('number');\nexpect(filmsResponse.results[1].episode_id).to.eq(5);",
              "err": {},
              "uuid": "f0a01a5e-3ec8-4ce2-b76c-b731f3b5ec63",
              "parentUUID": "788a9f3f-d744-494d-8b40-1bfe31b629a8",
              "isHook": false,
              "skipped": false
            }
          ],
          "suites": [],
          "passes": [
            "bee9832d-6d99-479b-9807-d672fb99d64f",
            "f33c53f6-6737-44d2-9d1f-172057a801ab",
            "22040cb3-655a-47ae-916f-be8979d777a7",
            "f0a01a5e-3ec8-4ce2-b76c-b731f3b5ec63"
          ],
          "failures": [],
          "pending": [],
          "skipped": [],
          "duration": 2884,
          "root": false,
          "rootEmpty": false,
          "_timeout": 2000
        }
      ],
      "passes": [],
      "failures": [],
      "pending": [],
      "skipped": [],
      "duration": 0,
      "root": true,
      "rootEmpty": true,
      "_timeout": 2000
    }
  ],
  "meta": {
    "mocha": {
      "version": "7.0.1"
    },
    "mochawesome": {
      "options": {
        "quiet": false,
        "reportFilename": "mochawesome",
        "saveHtml": false,
        "saveJson": true,
        "consoleReporter": "spec",
        "useInlineDiffs": false,
        "code": true
      },
      "version": "7.1.3"
    },
    "marge": {
      "options": {
        "reportDir": "mochawesome-report",
        "overwrite": false,
        "html": false,
        "json": true
      },
      "version": "6.2.0"
    }
  }
}