{
  "stats": {
    "suites": 1,
    "tests": 2,
    "passes": 2,
    "pending": 0,
    "failures": 0,
    "start": "2024-01-31T18:34:07.995Z",
    "end": "2024-01-31T18:34:08.455Z",
    "duration": 460,
    "testsRegistered": 2,
    "passPercent": 100,
    "pendingPercent": 0,
    "other": 0,
    "hasOther": false,
    "skipped": 0,
    "hasSkipped": false
  },
  "results": [
    {
      "uuid": "df288c6d-e9c1-4bcc-8066-316d19ea6f91",
      "title": "",
      "fullFile": "cypress/e2e/people.cy.js",
      "file": "cypress/e2e/people.cy.js",
      "beforeHooks": [],
      "afterHooks": [],
      "tests": [],
      "suites": [
        {
          "uuid": "45f072b5-e9fb-42f7-bef4-4b13ecda18c9",
          "title": "People module of The Star Wars API",
          "fullFile": "",
          "file": "",
          "beforeHooks": [],
          "afterHooks": [],
          "tests": [
            {
              "title": "Should validate that C-3PO has both weight and height in the Films module",
              "fullTitle": "People module of The Star Wars API Should validate that C-3PO has both weight and height in the Films module",
              "timedOut": null,
              "duration": 427,
              "state": "passed",
              "speed": "fast",
              "pass": true,
              "fail": false,
              "pending": false,
              "context": null,
              "code": "expect(c3po.height).to.be.a('string').and.not.be.empty;\nexpect(c3po.mass).to.be.a('string').and.not.be.empty;",
              "err": {},
              "uuid": "392bcfdd-4574-4691-8f7d-d2b809797e61",
              "parentUUID": "45f072b5-e9fb-42f7-bef4-4b13ecda18c9",
              "isHook": false,
              "skipped": false
            },
            {
              "title": "Should validate C-3POs participation in at least one movie in the Films module",
              "fullTitle": "People module of The Star Wars API Should validate C-3POs participation in at least one movie in the Films module",
              "timedOut": null,
              "duration": 8,
              "state": "passed",
              "speed": "fast",
              "pass": true,
              "fail": false,
              "pending": false,
              "context": null,
              "code": "expect(c3po.films).to.be.an('array').and.not.be.empty;\ncy.log(`Participação nos filmes: ${c3po.films}`);",
              "err": {},
              "uuid": "efd90341-c067-412d-bfaa-17c23791fde7",
              "parentUUID": "45f072b5-e9fb-42f7-bef4-4b13ecda18c9",
              "isHook": false,
              "skipped": false
            }
          ],
          "suites": [],
          "passes": [
            "392bcfdd-4574-4691-8f7d-d2b809797e61",
            "efd90341-c067-412d-bfaa-17c23791fde7"
          ],
          "failures": [],
          "pending": [],
          "skipped": [],
          "duration": 435,
          "root": false,
          "rootEmpty": false,
          "_timeout": 2000
        }
      ],
      "passes": [],
      "failures": [],
      "pending": [],
      "skipped": [],
      "duration": 0,
      "root": true,
      "rootEmpty": true,
      "_timeout": 2000
    }
  ],
  "meta": {
    "mocha": {
      "version": "7.0.1"
    },
    "mochawesome": {
      "options": {
        "quiet": false,
        "reportFilename": "mochawesome",
        "saveHtml": false,
        "saveJson": true,
        "consoleReporter": "spec",
        "useInlineDiffs": false,
        "code": true
      },
      "version": "7.1.3"
    },
    "marge": {
      "options": {
        "reportDir": "mochawesome-report",
        "overwrite": false,
        "html": false,
        "json": true
      },
      "version": "6.2.0"
    }
  }
}