{
  "stats": {
    "suites": 1,
    "tests": 4,
    "passes": 4,
    "pending": 0,
    "failures": 0,
    "start": "2023-12-29T19:33:19.949Z",
    "end": "2023-12-29T19:33:38.109Z",
    "duration": 18160,
    "testsRegistered": 4,
    "passPercent": 100,
    "pendingPercent": 0,
    "other": 0,
    "hasOther": false,
    "skipped": 0,
    "hasSkipped": false
  },
  "results": [
    {
      "uuid": "2d9be100-1b13-4727-b472-9f63f6b3e43b",
      "title": "",
      "fullFile": "cypress/e2e/films.cy.js",
      "file": "cypress/e2e/films.cy.js",
      "beforeHooks": [],
      "afterHooks": [],
      "tests": [],
      "suites": [
        {
          "uuid": "11572b48-509a-4031-8561-df0890f70e25",
          "title": "Testes no módulo de Films da API Star Wars",
          "fullFile": "",
          "file": "",
          "beforeHooks": [],
          "afterHooks": [],
          "tests": [
            {
              "title": "Deve retornar uma estrutura JSON válida",
              "fullTitle": "Testes no módulo de Films da API Star Wars Deve retornar uma estrutura JSON válida",
              "timedOut": null,
              "duration": 15412,
              "state": "passed",
              "speed": "slow",
              "pass": true,
              "fail": false,
              "pending": false,
              "context": null,
              "code": "cy.request('films/?format=json').then(response => {\n  return _films.default.validateAsync(response.body);\n});",
              "err": {},
              "uuid": "0833007f-e880-446a-8002-9d1c81e7e3ba",
              "parentUUID": "11572b48-509a-4031-8561-df0890f70e25",
              "isHook": false,
              "skipped": false
            },
            {
              "title": "Deve validar se o filme 10 é válido e qual o tipo de retorno ao consultar",
              "fullTitle": "Testes no módulo de Films da API Star Wars Deve validar se o filme 10 é válido e qual o tipo de retorno ao consultar",
              "timedOut": null,
              "duration": 2643,
              "state": "passed",
              "speed": "fast",
              "pass": true,
              "fail": false,
              "pending": false,
              "context": null,
              "code": "cy.buscarFilme(9).then(response => {\n  cy.log(`Request para o filme 10: ${JSON.stringify(response)}`);\n  if (response.body.detail) {\n    cy.log(`Mensagem de erro: ${response.body.detail}`);\n    expect(response.body.detail).to.include('Not found');\n  } else {\n    cy.log(`Título do filme 9: ${response.body.title}`);\n    expect(response.body.title).to.not.be.empty;\n  }\n});",
              "err": {},
              "uuid": "7f2b9305-127f-43b7-b412-54e3c9df236a",
              "parentUUID": "11572b48-509a-4031-8561-df0890f70e25",
              "isHook": false,
              "skipped": false
            },
            {
              "title": "Deve validar o nome correto de um determinado episódio de filme",
              "fullTitle": "Testes no módulo de Films da API Star Wars Deve validar o nome correto de um determinado episódio de filme",
              "timedOut": null,
              "duration": 15,
              "state": "passed",
              "speed": "fast",
              "pass": true,
              "fail": false,
              "pending": false,
              "context": null,
              "code": "expect(filmsResposta.results[1].title).to.eq('The Empire Strikes Back');",
              "err": {},
              "uuid": "6be7db99-176d-4e4b-948b-594ef7b85e6e",
              "parentUUID": "11572b48-509a-4031-8561-df0890f70e25",
              "isHook": false,
              "skipped": false
            },
            {
              "title": "Deve validar o ID do episódio e se o tipo do dado está correto",
              "fullTitle": "Testes no módulo de Films da API Star Wars Deve validar o ID do episódio e se o tipo do dado está correto",
              "timedOut": null,
              "duration": 9,
              "state": "passed",
              "speed": "fast",
              "pass": true,
              "fail": false,
              "pending": false,
              "context": null,
              "code": "expect(filmsResposta.results[1].episode_id).to.eq(5);\nexpect(filmsResposta.results[1].episode_id).to.be.a('number');",
              "err": {},
              "uuid": "c53aa17c-8e80-4ed5-8147-aeae39d2e35b",
              "parentUUID": "11572b48-509a-4031-8561-df0890f70e25",
              "isHook": false,
              "skipped": false
            }
          ],
          "suites": [],
          "passes": [
            "0833007f-e880-446a-8002-9d1c81e7e3ba",
            "7f2b9305-127f-43b7-b412-54e3c9df236a",
            "6be7db99-176d-4e4b-948b-594ef7b85e6e",
            "c53aa17c-8e80-4ed5-8147-aeae39d2e35b"
          ],
          "failures": [],
          "pending": [],
          "skipped": [],
          "duration": 18079,
          "root": false,
          "rootEmpty": false,
          "_timeout": 2000
        }
      ],
      "passes": [],
      "failures": [],
      "pending": [],
      "skipped": [],
      "duration": 0,
      "root": true,
      "rootEmpty": true,
      "_timeout": 2000
    }
  ],
  "meta": {
    "mocha": {
      "version": "7.0.1"
    },
    "mochawesome": {
      "options": {
        "quiet": false,
        "reportFilename": "mochawesome",
        "saveHtml": false,
        "saveJson": true,
        "consoleReporter": "spec",
        "useInlineDiffs": false,
        "code": true
      },
      "version": "7.1.3"
    },
    "marge": {
      "options": {
        "reportDir": "mochawesome-report",
        "overwrite": false,
        "html": false,
        "json": true
      },
      "version": "6.2.0"
    }
  }
}