{
  "stats": {
    "suites": 1,
    "tests": 3,
    "passes": 3,
    "pending": 0,
    "failures": 0,
    "start": "2024-01-31T18:34:11.380Z",
    "end": "2024-01-31T18:34:12.369Z",
    "duration": 989,
    "testsRegistered": 3,
    "passPercent": 100,
    "pendingPercent": 0,
    "other": 0,
    "hasOther": false,
    "skipped": 0,
    "hasSkipped": false
  },
  "results": [
    {
      "uuid": "b2b96ff8-f4a8-472c-ae1e-cd673e9547da",
      "title": "",
      "fullFile": "cypress/e2e/structure.cy.js",
      "file": "cypress/e2e/structure.cy.js",
      "beforeHooks": [],
      "afterHooks": [],
      "tests": [],
      "suites": [
        {
          "uuid": "9639a874-ab7c-428b-8469-9ac3f93881af",
          "title": "Structure of The Star Wars API",
          "fullFile": "",
          "file": "",
          "beforeHooks": [],
          "afterHooks": [],
          "tests": [
            {
              "title": "Should return a status code 404 for an invalid URL in the Films module",
              "fullTitle": "Structure of The Star Wars API Should return a status code 404 for an invalid URL in the Films module",
              "timedOut": null,
              "duration": 257,
              "state": "passed",
              "speed": "fast",
              "pass": true,
              "fail": false,
              "pending": false,
              "context": null,
              "code": "cy.request({\n  url: 'people/?format=jsonx',\n  failOnStatusCode: false\n}).then(response => {\n  expect(response.status).to.eq(404);\n});",
              "err": {},
              "uuid": "de2dcd81-0dcf-4540-9f86-97df422fe5f7",
              "parentUUID": "9639a874-ab7c-428b-8469-9ac3f93881af",
              "isHook": false,
              "skipped": false
            },
            {
              "title": "Should return a valid date in the American format, not the Brazilian format",
              "fullTitle": "Structure of The Star Wars API Should return a valid date in the American format, not the Brazilian format",
              "timedOut": null,
              "duration": 391,
              "state": "passed",
              "speed": "fast",
              "pass": true,
              "fail": false,
              "pending": false,
              "context": null,
              "code": "cy.filmSearch(1).then(response => {\n  expect(response.status).to.equal(200);\n  expect(response.body.release_date).to.match(/^\\d{4}-\\d{2}-\\d{2}$/).and.not.to.match(/^\\d{2}-\\d{2}-\\d{4}$/);\n});",
              "err": {},
              "uuid": "9cc1c4d4-bf62-401b-81a7-520e24cb6e54",
              "parentUUID": "9639a874-ab7c-428b-8469-9ac3f93881af",
              "isHook": false,
              "skipped": false
            },
            {
              "title": "Should validate the response time of the request in the Films module",
              "fullTitle": "Structure of The Star Wars API Should validate the response time of the request in the Films module",
              "timedOut": null,
              "duration": 294,
              "state": "passed",
              "speed": "fast",
              "pass": true,
              "fail": false,
              "pending": false,
              "context": null,
              "code": "let maxResponseTime = 10000;\ncy.request({\n  method: 'GET',\n  url: 'people'\n}).then(response => {\n  expect(response.status).to.equal(200);\n  expect(response.duration).to.be.lessThan(maxResponseTime);\n});",
              "err": {},
              "uuid": "92f3b2d2-fc14-413a-81f9-1d62765287e7",
              "parentUUID": "9639a874-ab7c-428b-8469-9ac3f93881af",
              "isHook": false,
              "skipped": false
            }
          ],
          "suites": [],
          "passes": [
            "de2dcd81-0dcf-4540-9f86-97df422fe5f7",
            "9cc1c4d4-bf62-401b-81a7-520e24cb6e54",
            "92f3b2d2-fc14-413a-81f9-1d62765287e7"
          ],
          "failures": [],
          "pending": [],
          "skipped": [],
          "duration": 942,
          "root": false,
          "rootEmpty": false,
          "_timeout": 2000
        }
      ],
      "passes": [],
      "failures": [],
      "pending": [],
      "skipped": [],
      "duration": 0,
      "root": true,
      "rootEmpty": true,
      "_timeout": 2000
    }
  ],
  "meta": {
    "mocha": {
      "version": "7.0.1"
    },
    "mochawesome": {
      "options": {
        "quiet": false,
        "reportFilename": "mochawesome",
        "saveHtml": false,
        "saveJson": true,
        "consoleReporter": "spec",
        "useInlineDiffs": false,
        "code": true
      },
      "version": "7.1.3"
    },
    "marge": {
      "options": {
        "reportDir": "mochawesome-report",
        "overwrite": false,
        "html": false,
        "json": true
      },
      "version": "6.2.0"
    }
  }
}