{
  "stats": {
    "suites": 4,
    "tests": 11,
    "passes": 11,
    "pending": 0,
    "failures": 0,
    "testsRegistered": 11,
    "passPercent": 100,
    "pendingPercent": 0,
    "other": 0,
    "hasOther": false,
    "skipped": 0,
    "hasSkipped": false,
    "start": "2024-01-31T18:34:04.092Z",
    "end": "2024-01-31T18:34:12.369Z",
    "duration": 8277
  },
  "results": [
    {
      "uuid": "2c2758c1-5f54-4300-8daf-85f478338e2b",
      "title": "",
      "fullFile": "cypress/e2e/films.cy.js",
      "file": "cypress/e2e/films.cy.js",
      "beforeHooks": [],
      "afterHooks": [],
      "tests": [],
      "suites": [
        {
          "uuid": "788a9f3f-d744-494d-8b40-1bfe31b629a8",
          "title": "Films module of The Star Wars API",
          "fullFile": "",
          "file": "",
          "beforeHooks": [],
          "afterHooks": [],
          "tests": [
            {
              "title": "Should return a valid JSON structure",
              "fullTitle": "Films module of The Star Wars API Should return a valid JSON structure",
              "timedOut": null,
              "duration": 2602,
              "state": "passed",
              "speed": "fast",
              "pass": true,
              "fail": false,
              "pending": false,
              "context": null,
              "code": "cy.request('films/?format=json').then(response => {\n  expect(response.status).to.equal(200);\n  return _films.default.validateAsync(response.body);\n});",
              "err": {},
              "uuid": "bee9832d-6d99-479b-9807-d672fb99d64f",
              "parentUUID": "788a9f3f-d744-494d-8b40-1bfe31b629a8",
              "isHook": false,
              "skipped": false
            },
            {
              "title": "Should validate the existence of movie 10 and the type of response when queried",
              "fullTitle": "Films module of The Star Wars API Should validate the existence of movie 10 and the type of response when queried",
              "timedOut": null,
              "duration": 265,
              "state": "passed",
              "speed": "fast",
              "pass": true,
              "fail": false,
              "pending": false,
              "context": null,
              "code": "cy.filmSearch(9).then(response => {\n  cy.log(`Request para o filme 10: ${JSON.stringify(response)}`);\n  if (response.body.detail) {\n    expect(response.body.detail).to.include('Not found');\n  } else {\n    expect(response.body.title).to.not.be.empty;\n  }\n  expect(response.status).to.eq(404);\n});",
              "err": {},
              "uuid": "f33c53f6-6737-44d2-9d1f-172057a801ab",
              "parentUUID": "788a9f3f-d744-494d-8b40-1bfe31b629a8",
              "isHook": false,
              "skipped": false
            },
            {
              "title": "Should validate the correct name of a specific movie episode",
              "fullTitle": "Films module of The Star Wars API Should validate the correct name of a specific movie episode",
              "timedOut": null,
              "duration": 10,
              "state": "passed",
              "speed": "fast",
              "pass": true,
              "fail": false,
              "pending": false,
              "context": null,
              "code": "expect(filmsResponse.results[1].title).to.eq('The Empire Strikes Back');",
              "err": {},
              "uuid": "22040cb3-655a-47ae-916f-be8979d777a7",
              "parentUUID": "788a9f3f-d744-494d-8b40-1bfe31b629a8",
              "isHook": false,
              "skipped": false
            },
            {
              "title": "Should validate the episode ID and ensure the data type is correct",
              "fullTitle": "Films module of The Star Wars API Should validate the episode ID and ensure the data type is correct",
              "timedOut": null,
              "duration": 7,
              "state": "passed",
              "speed": "fast",
              "pass": true,
              "fail": false,
              "pending": false,
              "context": null,
              "code": "expect(filmsResponse.results[1].episode_id).to.be.a('number');\nexpect(filmsResponse.results[1].episode_id).to.eq(5);",
              "err": {},
              "uuid": "f0a01a5e-3ec8-4ce2-b76c-b731f3b5ec63",
              "parentUUID": "788a9f3f-d744-494d-8b40-1bfe31b629a8",
              "isHook": false,
              "skipped": false
            }
          ],
          "suites": [],
          "passes": [
            "bee9832d-6d99-479b-9807-d672fb99d64f",
            "f33c53f6-6737-44d2-9d1f-172057a801ab",
            "22040cb3-655a-47ae-916f-be8979d777a7",
            "f0a01a5e-3ec8-4ce2-b76c-b731f3b5ec63"
          ],
          "failures": [],
          "pending": [],
          "skipped": [],
          "duration": 2884,
          "root": false,
          "rootEmpty": false,
          "_timeout": 2000
        }
      ],
      "passes": [],
      "failures": [],
      "pending": [],
      "skipped": [],
      "duration": 0,
      "root": true,
      "rootEmpty": true,
      "_timeout": 2000
    },
    {
      "uuid": "df288c6d-e9c1-4bcc-8066-316d19ea6f91",
      "title": "",
      "fullFile": "cypress/e2e/people.cy.js",
      "file": "cypress/e2e/people.cy.js",
      "beforeHooks": [],
      "afterHooks": [],
      "tests": [],
      "suites": [
        {
          "uuid": "45f072b5-e9fb-42f7-bef4-4b13ecda18c9",
          "title": "People module of The Star Wars API",
          "fullFile": "",
          "file": "",
          "beforeHooks": [],
          "afterHooks": [],
          "tests": [
            {
              "title": "Should validate that C-3PO has both weight and height in the Films module",
              "fullTitle": "People module of The Star Wars API Should validate that C-3PO has both weight and height in the Films module",
              "timedOut": null,
              "duration": 427,
              "state": "passed",
              "speed": "fast",
              "pass": true,
              "fail": false,
              "pending": false,
              "context": null,
              "code": "expect(c3po.height).to.be.a('string').and.not.be.empty;\nexpect(c3po.mass).to.be.a('string').and.not.be.empty;",
              "err": {},
              "uuid": "392bcfdd-4574-4691-8f7d-d2b809797e61",
              "parentUUID": "45f072b5-e9fb-42f7-bef4-4b13ecda18c9",
              "isHook": false,
              "skipped": false
            },
            {
              "title": "Should validate C-3POs participation in at least one movie in the Films module",
              "fullTitle": "People module of The Star Wars API Should validate C-3POs participation in at least one movie in the Films module",
              "timedOut": null,
              "duration": 8,
              "state": "passed",
              "speed": "fast",
              "pass": true,
              "fail": false,
              "pending": false,
              "context": null,
              "code": "expect(c3po.films).to.be.an('array').and.not.be.empty;\ncy.log(`Participação nos filmes: ${c3po.films}`);",
              "err": {},
              "uuid": "efd90341-c067-412d-bfaa-17c23791fde7",
              "parentUUID": "45f072b5-e9fb-42f7-bef4-4b13ecda18c9",
              "isHook": false,
              "skipped": false
            }
          ],
          "suites": [],
          "passes": [
            "392bcfdd-4574-4691-8f7d-d2b809797e61",
            "efd90341-c067-412d-bfaa-17c23791fde7"
          ],
          "failures": [],
          "pending": [],
          "skipped": [],
          "duration": 435,
          "root": false,
          "rootEmpty": false,
          "_timeout": 2000
        }
      ],
      "passes": [],
      "failures": [],
      "pending": [],
      "skipped": [],
      "duration": 0,
      "root": true,
      "rootEmpty": true,
      "_timeout": 2000
    },
    {
      "uuid": "d0153cca-5a20-4fa8-b8fb-727bd0eec341",
      "title": "",
      "fullFile": "cypress/e2e/planets.cy.js",
      "file": "cypress/e2e/planets.cy.js",
      "beforeHooks": [],
      "afterHooks": [],
      "tests": [],
      "suites": [
        {
          "uuid": "e1bf4691-71c8-482b-8013-f843d74c9fb0",
          "title": "Planets module of The Star Wars API",
          "fullFile": "",
          "file": "",
          "beforeHooks": [],
          "afterHooks": [],
          "tests": [
            {
              "title": "Should return a valid JSON structure from the Films module of the Star Wars API",
              "fullTitle": "Planets module of The Star Wars API Should return a valid JSON structure from the Films module of the Star Wars API",
              "timedOut": null,
              "duration": 607,
              "state": "passed",
              "speed": "fast",
              "pass": true,
              "fail": false,
              "pending": false,
              "context": null,
              "code": "cy.request({\n  method: 'GET',\n  url: 'planets/?format=json'\n}).then(response => {\n  expect(response.status).to.be.equal(200);\n  return _planets.default.validateAsync(response.body);\n});",
              "err": {},
              "uuid": "5766ac55-19f5-479b-9e8f-1ebea2c91411",
              "parentUUID": "e1bf4691-71c8-482b-8013-f843d74c9fb0",
              "isHook": false,
              "skipped": false
            },
            {
              "title": "Should confirm the total population of the planet and the returned data type in the Films module",
              "fullTitle": "Planets module of The Star Wars API Should confirm the total population of the planet and the returned data type in the Films module",
              "timedOut": null,
              "duration": 266,
              "state": "passed",
              "speed": "fast",
              "pass": true,
              "fail": false,
              "pending": false,
              "context": null,
              "code": "cy.request({\n  method: 'GET',\n  url: 'planets'\n}).then(response => {\n  expect(planetsResposta.results[2].population).to.eq('1000').and.to.be.a('string');\n  expect(response.status).to.be.equal(200);\n});",
              "err": {},
              "uuid": "a21b59d8-6ec2-43aa-8f41-ea9eb0e16ac9",
              "parentUUID": "e1bf4691-71c8-482b-8013-f843d74c9fb0",
              "isHook": false,
              "skipped": false
            }
          ],
          "suites": [],
          "passes": [
            "5766ac55-19f5-479b-9e8f-1ebea2c91411",
            "a21b59d8-6ec2-43aa-8f41-ea9eb0e16ac9"
          ],
          "failures": [],
          "pending": [],
          "skipped": [],
          "duration": 873,
          "root": false,
          "rootEmpty": false,
          "_timeout": 2000
        }
      ],
      "passes": [],
      "failures": [],
      "pending": [],
      "skipped": [],
      "duration": 0,
      "root": true,
      "rootEmpty": true,
      "_timeout": 2000
    },
    {
      "uuid": "b2b96ff8-f4a8-472c-ae1e-cd673e9547da",
      "title": "",
      "fullFile": "cypress/e2e/structure.cy.js",
      "file": "cypress/e2e/structure.cy.js",
      "beforeHooks": [],
      "afterHooks": [],
      "tests": [],
      "suites": [
        {
          "uuid": "9639a874-ab7c-428b-8469-9ac3f93881af",
          "title": "Structure of The Star Wars API",
          "fullFile": "",
          "file": "",
          "beforeHooks": [],
          "afterHooks": [],
          "tests": [
            {
              "title": "Should return a status code 404 for an invalid URL in the Films module",
              "fullTitle": "Structure of The Star Wars API Should return a status code 404 for an invalid URL in the Films module",
              "timedOut": null,
              "duration": 257,
              "state": "passed",
              "speed": "fast",
              "pass": true,
              "fail": false,
              "pending": false,
              "context": null,
              "code": "cy.request({\n  url: 'people/?format=jsonx',\n  failOnStatusCode: false\n}).then(response => {\n  expect(response.status).to.eq(404);\n});",
              "err": {},
              "uuid": "de2dcd81-0dcf-4540-9f86-97df422fe5f7",
              "parentUUID": "9639a874-ab7c-428b-8469-9ac3f93881af",
              "isHook": false,
              "skipped": false
            },
            {
              "title": "Should return a valid date in the American format, not the Brazilian format",
              "fullTitle": "Structure of The Star Wars API Should return a valid date in the American format, not the Brazilian format",
              "timedOut": null,
              "duration": 391,
              "state": "passed",
              "speed": "fast",
              "pass": true,
              "fail": false,
              "pending": false,
              "context": null,
              "code": "cy.filmSearch(1).then(response => {\n  expect(response.status).to.equal(200);\n  expect(response.body.release_date).to.match(/^\\d{4}-\\d{2}-\\d{2}$/).and.not.to.match(/^\\d{2}-\\d{2}-\\d{4}$/);\n});",
              "err": {},
              "uuid": "9cc1c4d4-bf62-401b-81a7-520e24cb6e54",
              "parentUUID": "9639a874-ab7c-428b-8469-9ac3f93881af",
              "isHook": false,
              "skipped": false
            },
            {
              "title": "Should validate the response time of the request in the Films module",
              "fullTitle": "Structure of The Star Wars API Should validate the response time of the request in the Films module",
              "timedOut": null,
              "duration": 294,
              "state": "passed",
              "speed": "fast",
              "pass": true,
              "fail": false,
              "pending": false,
              "context": null,
              "code": "let maxResponseTime = 10000;\ncy.request({\n  method: 'GET',\n  url: 'people'\n}).then(response => {\n  expect(response.status).to.equal(200);\n  expect(response.duration).to.be.lessThan(maxResponseTime);\n});",
              "err": {},
              "uuid": "92f3b2d2-fc14-413a-81f9-1d62765287e7",
              "parentUUID": "9639a874-ab7c-428b-8469-9ac3f93881af",
              "isHook": false,
              "skipped": false
            }
          ],
          "suites": [],
          "passes": [
            "de2dcd81-0dcf-4540-9f86-97df422fe5f7",
            "9cc1c4d4-bf62-401b-81a7-520e24cb6e54",
            "92f3b2d2-fc14-413a-81f9-1d62765287e7"
          ],
          "failures": [],
          "pending": [],
          "skipped": [],
          "duration": 942,
          "root": false,
          "rootEmpty": false,
          "_timeout": 2000
        }
      ],
      "passes": [],
      "failures": [],
      "pending": [],
      "skipped": [],
      "duration": 0,
      "root": true,
      "rootEmpty": true,
      "_timeout": 2000
    }
  ],
  "meta": {
    "mocha": {
      "version": "7.0.1"
    },
    "mochawesome": {
      "options": {
        "quiet": false,
        "reportFilename": "mochawesome",
        "saveHtml": false,
        "saveJson": true,
        "consoleReporter": "spec",
        "useInlineDiffs": false,
        "code": true
      },
      "version": "7.1.3"
    },
    "marge": {
      "options": {
        "reportDir": "mochawesome-report",
        "overwrite": false,
        "html": false,
        "json": true
      },
      "version": "6.2.0"
    }
  }
}