{
  "stats": {
    "suites": 4,
    "tests": 11,
    "passes": 11,
    "pending": 0,
    "failures": 0,
    "testsRegistered": 11,
    "passPercent": 100,
    "pendingPercent": 0,
    "other": 0,
    "hasOther": false,
    "skipped": 0,
    "hasSkipped": false,
    "start": "2023-12-29T20:13:48.290Z",
    "end": "2023-12-29T20:14:31.260Z",
    "duration": 42970
  },
  "results": [
    {
      "uuid": "bc0f9237-9080-43fe-b582-1595c9a31f04",
      "title": "",
      "fullFile": "cypress/e2e/films.cy.js",
      "file": "cypress/e2e/films.cy.js",
      "beforeHooks": [],
      "afterHooks": [],
      "tests": [],
      "suites": [
        {
          "uuid": "8af1735a-8c2f-4d42-b25b-88c15848cc6b",
          "title": "Testes no módulo de Films da API Star Wars",
          "fullFile": "",
          "file": "",
          "beforeHooks": [],
          "afterHooks": [],
          "tests": [
            {
              "title": "Deve retornar uma estrutura JSON válida",
              "fullTitle": "Testes no módulo de Films da API Star Wars Deve retornar uma estrutura JSON válida",
              "timedOut": null,
              "duration": 18961,
              "state": "passed",
              "speed": "slow",
              "pass": true,
              "fail": false,
              "pending": false,
              "context": null,
              "code": "cy.request('films/?format=json').then(response => {\n  return _films.default.validateAsync(response.body);\n});",
              "err": {},
              "uuid": "357f0e71-320a-47d3-b606-3d7258362159",
              "parentUUID": "8af1735a-8c2f-4d42-b25b-88c15848cc6b",
              "isHook": false,
              "skipped": false
            },
            {
              "title": "Deve validar se o filme 10 é válido e qual o tipo de retorno ao consultar",
              "fullTitle": "Testes no módulo de Films da API Star Wars Deve validar se o filme 10 é válido e qual o tipo de retorno ao consultar",
              "timedOut": null,
              "duration": 682,
              "state": "passed",
              "speed": "fast",
              "pass": true,
              "fail": false,
              "pending": false,
              "context": null,
              "code": "cy.buscarFilme(9).then(response => {\n  cy.log(`Request para o filme 10: ${JSON.stringify(response)}`);\n  if (response.body.detail) {\n    cy.log(`Mensagem de erro: ${response.body.detail}`);\n    expect(response.body.detail).to.include('Not found');\n  } else {\n    cy.log(`Título do filme 9: ${response.body.title}`);\n    expect(response.body.title).to.not.be.empty;\n  }\n});",
              "err": {},
              "uuid": "8a354aed-1d40-467e-ad08-4d1be9f2f493",
              "parentUUID": "8af1735a-8c2f-4d42-b25b-88c15848cc6b",
              "isHook": false,
              "skipped": false
            },
            {
              "title": "Deve validar o nome correto de um determinado episódio de filme",
              "fullTitle": "Testes no módulo de Films da API Star Wars Deve validar o nome correto de um determinado episódio de filme",
              "timedOut": null,
              "duration": 10,
              "state": "passed",
              "speed": "fast",
              "pass": true,
              "fail": false,
              "pending": false,
              "context": null,
              "code": "expect(filmsResposta.results[1].title).to.eq('The Empire Strikes Back');",
              "err": {},
              "uuid": "cd390bd2-b316-4267-94e7-9d04be1b0a96",
              "parentUUID": "8af1735a-8c2f-4d42-b25b-88c15848cc6b",
              "isHook": false,
              "skipped": false
            },
            {
              "title": "Deve validar o ID do episódio e se o tipo do dado está correto",
              "fullTitle": "Testes no módulo de Films da API Star Wars Deve validar o ID do episódio e se o tipo do dado está correto",
              "timedOut": null,
              "duration": 9,
              "state": "passed",
              "speed": "fast",
              "pass": true,
              "fail": false,
              "pending": false,
              "context": null,
              "code": "expect(filmsResposta.results[1].episode_id).to.eq(5);\nexpect(filmsResposta.results[1].episode_id).to.be.a('number');",
              "err": {},
              "uuid": "be6ece5a-5707-4c51-bb9e-e5574ff5d21f",
              "parentUUID": "8af1735a-8c2f-4d42-b25b-88c15848cc6b",
              "isHook": false,
              "skipped": false
            }
          ],
          "suites": [],
          "passes": [
            "357f0e71-320a-47d3-b606-3d7258362159",
            "8a354aed-1d40-467e-ad08-4d1be9f2f493",
            "cd390bd2-b316-4267-94e7-9d04be1b0a96",
            "be6ece5a-5707-4c51-bb9e-e5574ff5d21f"
          ],
          "failures": [],
          "pending": [],
          "skipped": [],
          "duration": 19662,
          "root": false,
          "rootEmpty": false,
          "_timeout": 2000
        }
      ],
      "passes": [],
      "failures": [],
      "pending": [],
      "skipped": [],
      "duration": 0,
      "root": true,
      "rootEmpty": true,
      "_timeout": 2000
    },
    {
      "uuid": "ab47a90c-b504-4097-850b-5c7efce04afb",
      "title": "",
      "fullFile": "cypress/e2e/people.cy.js",
      "file": "cypress/e2e/people.cy.js",
      "beforeHooks": [],
      "afterHooks": [],
      "tests": [],
      "suites": [
        {
          "uuid": "44e85e10-6638-4e0d-86be-caae6cd9d086",
          "title": "Testes no módulo de People da API Star Wars",
          "fullFile": "",
          "file": "",
          "beforeHooks": [],
          "afterHooks": [],
          "tests": [
            {
              "title": "Deve retornar peso e altura válidos para C-3PO",
              "fullTitle": "Testes no módulo de People da API Star Wars Deve retornar peso e altura válidos para C-3PO",
              "timedOut": null,
              "duration": 4094,
              "state": "passed",
              "speed": "fast",
              "pass": true,
              "fail": false,
              "pending": false,
              "context": null,
              "code": "expect(c3po.height).to.be.a('string').and.not.be.empty;\ncy.log(`Altura: ${c3po.height}`);\nexpect(c3po.mass).to.be.a('string').and.not.be.empty;\ncy.log(`Peso: ${c3po.mass}`);",
              "err": {},
              "uuid": "a9454863-8057-454e-94ac-b119034a8c79",
              "parentUUID": "44e85e10-6638-4e0d-86be-caae6cd9d086",
              "isHook": false,
              "skipped": false
            },
            {
              "title": "Deve validar a participação de C-3PO em pelo menos um filme",
              "fullTitle": "Testes no módulo de People da API Star Wars Deve validar a participação de C-3PO em pelo menos um filme",
              "timedOut": null,
              "duration": 12,
              "state": "passed",
              "speed": "fast",
              "pass": true,
              "fail": false,
              "pending": false,
              "context": null,
              "code": "expect(c3po.films).to.be.an('array').and.not.be.empty;\ncy.log(`Participação nos filmes: ${c3po.films}`);",
              "err": {},
              "uuid": "592b830f-5db9-4027-b989-810d4ef665ab",
              "parentUUID": "44e85e10-6638-4e0d-86be-caae6cd9d086",
              "isHook": false,
              "skipped": false
            }
          ],
          "suites": [],
          "passes": [
            "a9454863-8057-454e-94ac-b119034a8c79",
            "592b830f-5db9-4027-b989-810d4ef665ab"
          ],
          "failures": [],
          "pending": [],
          "skipped": [],
          "duration": 4106,
          "root": false,
          "rootEmpty": false,
          "_timeout": 2000
        }
      ],
      "passes": [],
      "failures": [],
      "pending": [],
      "skipped": [],
      "duration": 0,
      "root": true,
      "rootEmpty": true,
      "_timeout": 2000
    },
    {
      "uuid": "c377cfa7-e614-4ecb-9d6d-ce42d0f6339c",
      "title": "",
      "fullFile": "cypress/e2e/planets.cy.js",
      "file": "cypress/e2e/planets.cy.js",
      "beforeHooks": [],
      "afterHooks": [],
      "tests": [],
      "suites": [
        {
          "uuid": "41d8b797-e4c3-41fc-bcbc-9ecaa7a0f751",
          "title": "Testes no módulo de Planets da API Star Wars",
          "fullFile": "",
          "file": "",
          "beforeHooks": [],
          "afterHooks": [],
          "tests": [
            {
              "title": "Deve retornar uma estrutura JSON válida",
              "fullTitle": "Testes no módulo de Planets da API Star Wars Deve retornar uma estrutura JSON válida",
              "timedOut": null,
              "duration": 5126,
              "state": "passed",
              "speed": "medium",
              "pass": true,
              "fail": false,
              "pending": false,
              "context": null,
              "code": "cy.request({\n  method: 'GET',\n  url: 'planets/?format=json'\n}).then(response => {\n  return _planets.default.validateAsync(response.body);\n});",
              "err": {},
              "uuid": "902c7113-1c53-4d94-afb6-c79644ca2311",
              "parentUUID": "41d8b797-e4c3-41fc-bcbc-9ecaa7a0f751",
              "isHook": false,
              "skipped": false
            },
            {
              "title": "Deve confirmar o total de população do planeta e o tipo de dado retornado",
              "fullTitle": "Testes no módulo de Planets da API Star Wars Deve confirmar o total de população do planeta e o tipo de dado retornado",
              "timedOut": null,
              "duration": 2355,
              "state": "passed",
              "speed": "fast",
              "pass": true,
              "fail": false,
              "pending": false,
              "context": null,
              "code": "cy.request({\n  method: 'GET',\n  url: 'planets'\n}).then(response => {\n  expect(planetsResposta.results[2].population).to.eq('1000').and.to.be.a('string');\n});",
              "err": {},
              "uuid": "cbe90287-a227-4354-9678-1149e4b8da4e",
              "parentUUID": "41d8b797-e4c3-41fc-bcbc-9ecaa7a0f751",
              "isHook": false,
              "skipped": false
            }
          ],
          "suites": [],
          "passes": [
            "902c7113-1c53-4d94-afb6-c79644ca2311",
            "cbe90287-a227-4354-9678-1149e4b8da4e"
          ],
          "failures": [],
          "pending": [],
          "skipped": [],
          "duration": 7481,
          "root": false,
          "rootEmpty": false,
          "_timeout": 2000
        }
      ],
      "passes": [],
      "failures": [],
      "pending": [],
      "skipped": [],
      "duration": 0,
      "root": true,
      "rootEmpty": true,
      "_timeout": 2000
    },
    {
      "uuid": "c905486d-9595-4668-aa6a-8470f1531f6f",
      "title": "",
      "fullFile": "cypress/e2e/structure.cy.js",
      "file": "cypress/e2e/structure.cy.js",
      "beforeHooks": [],
      "afterHooks": [],
      "tests": [],
      "suites": [
        {
          "uuid": "eeb2e212-6ed3-4246-a5b4-90832dad4c7a",
          "title": "Testes na estrutura da API de Star Wars",
          "fullFile": "",
          "file": "",
          "beforeHooks": [],
          "afterHooks": [],
          "tests": [
            {
              "title": "Deve retornar status code 404 para uma URL inválida",
              "fullTitle": "Testes na estrutura da API de Star Wars Deve retornar status code 404 para uma URL inválida",
              "timedOut": null,
              "duration": 606,
              "state": "passed",
              "speed": "fast",
              "pass": true,
              "fail": false,
              "pending": false,
              "context": null,
              "code": "cy.request({\n  url: 'people/?format=jsonx',\n  failOnStatusCode: false\n}).then(response => {\n  expect(response.status).to.eq(404);\n});",
              "err": {},
              "uuid": "5a30672b-13f5-4900-abe5-bf2223e1e95e",
              "parentUUID": "eeb2e212-6ed3-4246-a5b4-90832dad4c7a",
              "isHook": false,
              "skipped": false
            },
            {
              "title": "Deve retornar uma data válida no formato americano e não no formato brasileiro",
              "fullTitle": "Testes na estrutura da API de Star Wars Deve retornar uma data válida no formato americano e não no formato brasileiro",
              "timedOut": null,
              "duration": 1729,
              "state": "passed",
              "speed": "fast",
              "pass": true,
              "fail": false,
              "pending": false,
              "context": null,
              "code": "cy.buscarFilme(1).then(response => {\n  expect(response.body.release_date).to.match(/^\\d{4}-\\d{2}-\\d{2}$/).and.not.to.match(/^\\d{2}-\\d{2}-\\d{4}$/);\n});",
              "err": {},
              "uuid": "5efd9e30-2002-4539-9d83-35319cada980",
              "parentUUID": "eeb2e212-6ed3-4246-a5b4-90832dad4c7a",
              "isHook": false,
              "skipped": false
            },
            {
              "title": "Deve validar o tempo de resposta da requisição",
              "fullTitle": "Testes na estrutura da API de Star Wars Deve validar o tempo de resposta da requisição",
              "timedOut": null,
              "duration": 4495,
              "state": "passed",
              "speed": "fast",
              "pass": true,
              "fail": false,
              "pending": false,
              "context": null,
              "code": "let maxTempoResposta = 10000;\ncy.request({\n  method: 'GET',\n  url: 'people'\n}).then(response => {\n  expect(response.status).to.equal(200);\n  expect(response.duration).to.be.lessThan(maxTempoResposta);\n});",
              "err": {},
              "uuid": "dbd68ccb-1fb7-4beb-a080-f36fb2df85b2",
              "parentUUID": "eeb2e212-6ed3-4246-a5b4-90832dad4c7a",
              "isHook": false,
              "skipped": false
            }
          ],
          "suites": [],
          "passes": [
            "5a30672b-13f5-4900-abe5-bf2223e1e95e",
            "5efd9e30-2002-4539-9d83-35319cada980",
            "dbd68ccb-1fb7-4beb-a080-f36fb2df85b2"
          ],
          "failures": [],
          "pending": [],
          "skipped": [],
          "duration": 6830,
          "root": false,
          "rootEmpty": false,
          "_timeout": 2000
        }
      ],
      "passes": [],
      "failures": [],
      "pending": [],
      "skipped": [],
      "duration": 0,
      "root": true,
      "rootEmpty": true,
      "_timeout": 2000
    }
  ],
  "meta": {
    "mocha": {
      "version": "7.0.1"
    },
    "mochawesome": {
      "options": {
        "quiet": false,
        "reportFilename": "mochawesome",
        "saveHtml": false,
        "saveJson": true,
        "consoleReporter": "spec",
        "useInlineDiffs": false,
        "code": true
      },
      "version": "7.1.3"
    },
    "marge": {
      "options": {
        "reportDir": "mochawesome-report",
        "overwrite": false,
        "html": false,
        "json": true
      },
      "version": "6.2.0"
    }
  }
}